<?xml version="1.0" encoding="UTF-8"?>
<!-- Generated by org.testng.reporters.JUnitReportReporter -->
<testsuite hostname="DESKTOP-4QD2456" failures="0" tests="4" name="tests.ticket_july.UnitReadingreportisntfilteringbycustomer" time="556.383" errors="0" timestamp="2024-07-22T17:39:30 IST" skipped="0">
  <testcase classname="tests.ticket_july.UnitReadingreportisntfilteringbycustomer" name="T_001_goToCustomer" time="62.261"/>
  <testcase classname="tests.ticket_july.UnitReadingreportisntfilteringbycustomer" name="T_002_verifyReportCategories" time="63.091"/>
  <testcase classname="tests.ticket_july.UnitReadingreportisntfilteringbycustomer" name="T_003_clickOnRunReport" time="210.802"/>
  <testcase classname="tests.ticket_july.UnitReadingreportisntfilteringbycustomer" name="T_004_enterTHeCustomerSearch" time="220.229"/>
</testsuite> <!-- tests.ticket_july.UnitReadingreportisntfilteringbycustomer -->
